13:25:07 **** Build of configuration Debug for project memoria ****
make all 
Building file: ../src/memoria.c
Invoking: GCC C Compiler
gcc -I"/home/utnso/estudiandoAndo/shared/src" -O0 -g3 -Wall -c -fmessage-length=0 -MMD -MP -MF"src/memoria.d" -MT"src/memoria.o" -o "src/memoria.o" "../src/memoria.c"
Finished building: ../src/memoria.c
 
Building file: ../src/utils_memoria.c
Invoking: GCC C Compiler
gcc -I"/home/utnso/estudiandoAndo/shared/src" -O0 -g3 -Wall -c -fmessage-length=0 -MMD -MP -MF"src/utils_memoria.d" -MT"src/utils_memoria.o" -o "src/utils_memoria.o" "../src/utils_memoria.c"
Finished building: ../src/utils_memoria.c
 
Building target: memoria
Invoking: GCC C Linker
gcc -L"/home/utnso/estudiandoAndo/shared/Debug" -o "memoria" ./src/memoria.o ./src/utils_memoria.o    -lcommons -lshared
Finished building target: memoria
 
13:25:19 **** Incremental Build of configuration Debug for project memoria ****
make all 
make: Nothing to be done for 'all'.
13:26:05 **** Incremental Build of configuration Debug for project memoria ****
make all 
make: Nothing to be done for 'all'.
19:39:50 **** Build of configuration Debug for project consola ****
make all 
make: Nothing to be done for 'all'.
19:40:53 **** Incremental Build of configuration Debug for project consola ****
make all 
make: Nothing to be done for 'all'.
19:41:19 **** Build of configuration Debug for project cpu ****
make all 
make: Nothing to be done for 'all'.
19:41:32 **** Build of configuration Debug for project kernel ****
make all 
make: Nothing to be done for 'all'.
